2023-09-15T11:45:28.233+05:30  INFO 3596 --- [restartedMain] c.eminence.football.FootBallApplication  : Starting FootBallApplication using Java 17.0.8 with PID 3596 (D:\Programmer\Projects\Football Project\target\classes started by Johnny in D:\Programmer\Projects\Football Project)
2023-09-15T11:45:28.238+05:30  INFO 3596 --- [restartedMain] c.eminence.football.FootBallApplication  : The following 1 profile is active: "dev"
2023-09-15T11:45:28.451+05:30  INFO 3596 --- [restartedMain] .e.DevToolsPropertyDefaultsPostProcessor : Devtools property defaults active! Set 'spring.devtools.add-properties' to 'false' to disable
2023-09-15T11:45:28.452+05:30  INFO 3596 --- [restartedMain] .e.DevToolsPropertyDefaultsPostProcessor : For additional web related logging consider setting the 'logging.level.web' property to 'DEBUG'
2023-09-15T11:45:30.234+05:30  INFO 3596 --- [restartedMain] .s.d.r.c.RepositoryConfigurationDelegate : Bootstrapping Spring Data JPA repositories in DEFAULT mode.
2023-09-15T11:45:30.352+05:30  INFO 3596 --- [restartedMain] .s.d.r.c.RepositoryConfigurationDelegate : Finished Spring Data repository scanning in 101 ms. Found 2 JPA repository interfaces.
2023-09-15T11:45:31.782+05:30  INFO 3596 --- [restartedMain] o.s.b.w.embedded.tomcat.TomcatWebServer  : Tomcat initialized with port(s): 8080 (http)
2023-09-15T11:45:31.803+05:30  INFO 3596 --- [restartedMain] o.apache.catalina.core.StandardService   : Starting service [Tomcat]
2023-09-15T11:45:31.804+05:30  INFO 3596 --- [restartedMain] o.apache.catalina.core.StandardEngine    : Starting Servlet engine: [Apache Tomcat/10.1.1]
2023-09-15T11:45:31.930+05:30  INFO 3596 --- [restartedMain] o.a.c.c.C.[Tomcat].[localhost].[/]       : Initializing Spring embedded WebApplicationContext
2023-09-15T11:45:31.931+05:30  INFO 3596 --- [restartedMain] w.s.c.ServletWebServerApplicationContext : Root WebApplicationContext: initialization completed in 3477 ms
2023-09-15T11:45:32.211+05:30  INFO 3596 --- [restartedMain] o.hibernate.jpa.internal.util.LogHelper  : HHH000204: Processing PersistenceUnitInfo [name: default]
2023-09-15T11:45:32.314+05:30  INFO 3596 --- [restartedMain] org.hibernate.Version                    : HHH000412: Hibernate ORM core version 6.1.5.Final
2023-09-15T11:45:32.707+05:30  WARN 3596 --- [restartedMain] org.hibernate.orm.deprecation            : HHH90000021: Encountered deprecated setting [javax.persistence.sharedCache.mode], use [jakarta.persistence.sharedCache.mode] instead
2023-09-15T11:45:33.004+05:30  INFO 3596 --- [restartedMain] com.zaxxer.hikari.HikariDataSource       : HikariPool-1 - Starting...
2023-09-15T11:45:33.867+05:30  INFO 3596 --- [restartedMain] com.zaxxer.hikari.pool.HikariPool        : HikariPool-1 - Added connection com.mysql.cj.jdbc.ConnectionImpl@eb7856c
2023-09-15T11:45:33.874+05:30  INFO 3596 --- [restartedMain] com.zaxxer.hikari.HikariDataSource       : HikariPool-1 - Start completed.
2023-09-15T11:45:33.951+05:30  INFO 3596 --- [restartedMain] SQL dialect                              : HHH000400: Using dialect: org.hibernate.dialect.MySQLDialect
2023-09-15T11:45:35.469+05:30  INFO 3596 --- [restartedMain] o.h.e.t.j.p.i.JtaPlatformInitiator       : HHH000490: Using JtaPlatform implementation: [org.hibernate.engine.transaction.jta.platform.internal.NoJtaPlatform]
2023-09-15T11:45:35.483+05:30  INFO 3596 --- [restartedMain] j.LocalContainerEntityManagerFactoryBean : Initialized JPA EntityManagerFactory for persistence unit 'default'
2023-09-15T11:45:36.668+05:30  WARN 3596 --- [restartedMain] JpaBaseConfiguration$JpaWebConfiguration : spring.jpa.open-in-view is enabled by default. Therefore, database queries may be performed during view rendering. Explicitly configure spring.jpa.open-in-view to disable this warning
2023-09-15T11:45:38.479+05:30  INFO 3596 --- [restartedMain] o.s.s.web.DefaultSecurityFilterChain     : Will secure any request with [org.springframework.security.web.session.DisableEncodeUrlFilter@753259e0, org.springframework.security.web.context.request.async.WebAsyncManagerIntegrationFilter@56dc04f7, org.springframework.security.web.context.SecurityContextHolderFilter@597b9e82, org.springframework.security.web.header.HeaderWriterFilter@5af9249e, org.springframework.security.web.authentication.logout.LogoutFilter@68b7f731, security.com.football.url.JwtAuthenticationFilter@3fed70fa, org.springframework.security.web.savedrequest.RequestCacheAwareFilter@68d6a215, org.springframework.security.web.servletapi.SecurityContextHolderAwareRequestFilter@4bfb43c1, org.springframework.security.web.authentication.AnonymousAuthenticationFilter@2c12fd76, org.springframework.security.web.session.SessionManagementFilter@19abb2b3, org.springframework.security.web.access.ExceptionTranslationFilter@1904c3c1, org.springframework.security.web.access.intercept.AuthorizationFilter@407c763f]
2023-09-15T11:45:39.198+05:30  INFO 3596 --- [restartedMain] o.s.b.d.a.OptionalLiveReloadServer       : LiveReload server is running on port 35729
2023-09-15T11:45:39.255+05:30  INFO 3596 --- [restartedMain] o.s.b.w.embedded.tomcat.TomcatWebServer  : Tomcat started on port(s): 8080 (http) with context path ''
2023-09-15T11:45:39.273+05:30  INFO 3596 --- [restartedMain] c.eminence.football.FootBallApplication  : Started FootBallApplication in 12.198 seconds (process running for 13.357)
2023-09-15T11:45:45.087+05:30  INFO 3596 --- [http-nio-8080-exec-1] o.a.c.c.C.[Tomcat].[localhost].[/]       : Initializing Spring DispatcherServlet 'dispatcherServlet'
2023-09-15T11:45:45.088+05:30  INFO 3596 --- [http-nio-8080-exec-1] o.s.web.servlet.DispatcherServlet        : Initializing Servlet 'dispatcherServlet'
2023-09-15T11:45:45.090+05:30  INFO 3596 --- [http-nio-8080-exec-1] o.s.web.servlet.DispatcherServlet        : Completed initialization in 2 ms
2023-09-15T11:45:45.346+05:30  INFO 3596 --- [http-nio-8080-exec-1] c.e.f.controller.FootBallController      : starting token-details method in controller
2023-09-15T11:46:05.209+05:30  INFO 6888 --- [restartedMain] c.eminence.football.FootBallApplication  : Starting FootBallApplication using Java 17.0.8 with PID 6888 (D:\Programmer\Projects\Football Project\target\classes started by Johnny in D:\Programmer\Projects\Football Project)
2023-09-15T11:46:05.215+05:30  INFO 6888 --- [restartedMain] c.eminence.football.FootBallApplication  : The following 1 profile is active: "dev"
2023-09-15T11:46:05.471+05:30  INFO 6888 --- [restartedMain] .e.DevToolsPropertyDefaultsPostProcessor : Devtools property defaults active! Set 'spring.devtools.add-properties' to 'false' to disable
2023-09-15T11:46:05.472+05:30  INFO 6888 --- [restartedMain] .e.DevToolsPropertyDefaultsPostProcessor : For additional web related logging consider setting the 'logging.level.web' property to 'DEBUG'
2023-09-15T11:46:07.736+05:30  INFO 6888 --- [restartedMain] .s.d.r.c.RepositoryConfigurationDelegate : Bootstrapping Spring Data JPA repositories in DEFAULT mode.
2023-09-15T11:46:07.854+05:30  INFO 6888 --- [restartedMain] .s.d.r.c.RepositoryConfigurationDelegate : Finished Spring Data repository scanning in 98 ms. Found 2 JPA repository interfaces.
2023-09-15T11:46:09.412+05:30  INFO 6888 --- [restartedMain] o.s.b.w.embedded.tomcat.TomcatWebServer  : Tomcat initialized with port(s): 8080 (http)
2023-09-15T11:46:09.434+05:30  INFO 6888 --- [restartedMain] o.apache.catalina.core.StandardService   : Starting service [Tomcat]
2023-09-15T11:46:09.434+05:30  INFO 6888 --- [restartedMain] o.apache.catalina.core.StandardEngine    : Starting Servlet engine: [Apache Tomcat/10.1.1]
2023-09-15T11:46:09.563+05:30  INFO 6888 --- [restartedMain] o.a.c.c.C.[Tomcat].[localhost].[/]       : Initializing Spring embedded WebApplicationContext
2023-09-15T11:46:09.564+05:30  INFO 6888 --- [restartedMain] w.s.c.ServletWebServerApplicationContext : Root WebApplicationContext: initialization completed in 4090 ms
2023-09-15T11:46:09.945+05:30  INFO 6888 --- [restartedMain] o.hibernate.jpa.internal.util.LogHelper  : HHH000204: Processing PersistenceUnitInfo [name: default]
2023-09-15T11:46:10.020+05:30  INFO 6888 --- [restartedMain] org.hibernate.Version                    : HHH000412: Hibernate ORM core version 6.1.5.Final
2023-09-15T11:46:10.331+05:30  WARN 6888 --- [restartedMain] org.hibernate.orm.deprecation            : HHH90000021: Encountered deprecated setting [javax.persistence.sharedCache.mode], use [jakarta.persistence.sharedCache.mode] instead
2023-09-15T11:46:10.573+05:30  INFO 6888 --- [restartedMain] com.zaxxer.hikari.HikariDataSource       : HikariPool-1 - Starting...
2023-09-15T11:46:11.127+05:30  INFO 6888 --- [restartedMain] com.zaxxer.hikari.pool.HikariPool        : HikariPool-1 - Added connection com.mysql.cj.jdbc.ConnectionImpl@3938de46
2023-09-15T11:46:11.132+05:30  INFO 6888 --- [restartedMain] com.zaxxer.hikari.HikariDataSource       : HikariPool-1 - Start completed.
2023-09-15T11:46:11.220+05:30  INFO 6888 --- [restartedMain] SQL dialect                              : HHH000400: Using dialect: org.hibernate.dialect.MySQLDialect
2023-09-15T11:46:13.011+05:30  INFO 6888 --- [restartedMain] o.h.e.t.j.p.i.JtaPlatformInitiator       : HHH000490: Using JtaPlatform implementation: [org.hibernate.engine.transaction.jta.platform.internal.NoJtaPlatform]
2023-09-15T11:46:13.022+05:30  INFO 6888 --- [restartedMain] j.LocalContainerEntityManagerFactoryBean : Initialized JPA EntityManagerFactory for persistence unit 'default'
2023-09-15T11:46:14.169+05:30  WARN 6888 --- [restartedMain] JpaBaseConfiguration$JpaWebConfiguration : spring.jpa.open-in-view is enabled by default. Therefore, database queries may be performed during view rendering. Explicitly configure spring.jpa.open-in-view to disable this warning
2023-09-15T11:46:16.280+05:30  INFO 6888 --- [restartedMain] o.s.s.web.DefaultSecurityFilterChain     : Will secure any request with [org.springframework.security.web.session.DisableEncodeUrlFilter@3300475a, org.springframework.security.web.context.request.async.WebAsyncManagerIntegrationFilter@2b79adca, org.springframework.security.web.context.SecurityContextHolderFilter@40615ccd, org.springframework.security.web.header.HeaderWriterFilter@46792d0a, org.springframework.security.web.authentication.logout.LogoutFilter@53d5fb9a, security.com.football.url.JwtAuthenticationFilter@4fb0a1ac, org.springframework.security.web.savedrequest.RequestCacheAwareFilter@5c0b40a4, org.springframework.security.web.servletapi.SecurityContextHolderAwareRequestFilter@7c1463f, org.springframework.security.web.authentication.AnonymousAuthenticationFilter@5b6738e8, org.springframework.security.web.session.SessionManagementFilter@fb86ac9, org.springframework.security.web.access.ExceptionTranslationFilter@75ea4a9f, org.springframework.security.web.access.intercept.AuthorizationFilter@4fcaf56d]
2023-09-15T11:46:16.907+05:30  INFO 6888 --- [restartedMain] o.s.b.d.a.OptionalLiveReloadServer       : LiveReload server is running on port 35729
2023-09-15T11:46:16.972+05:30  INFO 6888 --- [restartedMain] o.s.b.w.embedded.tomcat.TomcatWebServer  : Tomcat started on port(s): 8080 (http) with context path ''
2023-09-15T11:46:16.989+05:30  INFO 6888 --- [restartedMain] c.eminence.football.FootBallApplication  : Started FootBallApplication in 13.074 seconds (process running for 14.13)
